*** Using Compiler 'V5.06 update 7 (build 960)', folder: 'D:\Stm32\KEIL\ARM\ARMCC\Bin'
Build target '05'
compiling stm32g4xx_ll_adc.c...
compiling dma.c...
compiling stm32g4xx_it.c...
compiling adc.c...
compiling gpio.c...
compiling stm32g4xx_hal_msp.c...
compiling stm32g4xx_hal_rcc_ex.c...
compiling usart.c...
compiling stm32g4xx_hal_rcc.c...
compiling tim.c...
compiling stm32g4xx_hal.c...
compiling main.c...
../Core/Src/main.c(183): warning:  #177-D: variable "test_p"  was declared but never referenced
    float test_p;
../Core/Src/main.c: 1 warning, 0 errors
compiling stm32g4xx_hal_adc_ex.c...
compiling stm32g4xx_hal_flash_ex.c...
compiling stm32g4xx_hal_flash.c...
compiling stm32g4xx_hal_adc.c...
compiling stm32g4xx_hal_exti.c...
compiling system_stm32g4xx.c...
compiling stm32g4xx_hal_dma_ex.c...
compiling stm32g4xx_hal_uart_ex.c...
compiling stm32g4xx_hal_cortex.c...
compiling foc.c...
..\user\foc.c(88): warning:  #223-D: function "printf" declared implicitly
  	printf("%d\r\n",Local_Vector_Components1.hSin);
..\user\foc.c: 1 warning, 0 errors
compiling stm32g4xx_hal_gpio.c...
compiling stm32g4xx_hal_dma.c...
compiling stm32g4xx_hal_flash_ramfunc.c...
compiling stm32g4xx_hal_pwr.c...
compiling stm32g4xx_hal_tim_ex.c...
compiling stm32g4xx_hal_pwr_ex.c...
compiling stm32g4xx_hal_uart.c...
compiling stm32g4xx_hal_tim.c...
linking...
Program Size: Code=21430 RO-data=1270 RW-data=36 ZI-data=2364  
FromELF: creating hex file...
"05\05.axf" - 0 Error(s), 2 Warning(s).
Build Time Elapsed:  00:00:11
